<?xml version="1.0" encoding="UTF-8"?>
<!-- Generated by org.testng.reporters.JUnitReportReporter -->
<testsuite hostname="Aditya" failures="0" tests="1" name="com.selenium.tests.LoginTest" time="3.209" errors="0" timestamp="2025-04-08T23:15:36 IST" skipped="0">
  <testcase classname="com.selenium.tests.LoginTest" name="openGoogle" time="3.209"/>
  <system-out/>
</testsuite> <!-- com.selenium.tests.LoginTest -->
